<?xml version="1.0" encoding="UTF-8"?>
<!-- Generated by org.testng.reporters.JUnitReportReporter -->
<testsuite hostname="DESKTOP-BT8RT8I" failures="0" tests="1" name="testing.userOperationsTest" time="13.039" errors="0" timestamp="2023-07-07T09:24:36 GMT-07:00" skipped="0">
  <testcase classname="testing.userOperationsTest" name="useroperations" time="13.039"/>
  <system-out/>
</testsuite> <!-- testing.userOperationsTest -->
