<?xml version="1.0" encoding="UTF-8"?>
<!-- Generated by org.testng.reporters.JUnitReportReporter -->
<testsuite hostname="DESKTOP-BT8RT8I" failures="0" tests="1" name="testing.RegistrationTest" time="5.869" errors="0" timestamp="2023-07-07T09:24:36 GMT-07:00" skipped="0">
  <testcase classname="testing.RegistrationTest" name="Usersignup" time="5.869"/>
  <system-out/>
</testsuite> <!-- testing.RegistrationTest -->
