<?xml version="1.0" encoding="UTF-8"?>
<!-- Generated by org.testng.reporters.JUnitReportReporter -->
<testsuite hostname="DESKTOP-BT8RT8I" failures="0" tests="1" name="testing.AddMovie" time="8.898" errors="0" timestamp="2023-07-07T09:24:36 GMT-07:00" skipped="0">
  <testcase classname="testing.AddMovie" name="addmovie" time="8.898"/>
  <system-out/>
</testsuite> <!-- testing.AddMovie -->
