<?xml version="1.0" encoding="UTF-8"?>
<!-- Generated by org.testng.reporters.JUnitReportReporter -->
<testsuite hostname="DESKTOP-BT8RT8I" failures="0" tests="1" name="testing.ShowUpdateTest" time="8.768" errors="0" timestamp="2023-07-07T09:24:36 GMT-07:00" skipped="0">
  <testcase classname="testing.ShowUpdateTest" name="ShowUpdate" time="8.768"/>
  <system-out/>
</testsuite> <!-- testing.ShowUpdateTest -->
